TN:
SF:dn-lib/src/formula/tests.rs
FN:112,dn_lib::formula::tests::simple_equiv::{closure#0}
FN:135,dn_lib::formula::tests::implies_right_associativity
FN:19,dn_lib::formula::tests::complex_formula::{closure#0}
FN:99,dn_lib::formula::tests::simple_rlimplies
FN:134,dn_lib::formula::tests::implies_right_associativity::{closure#0}
FN:52,dn_lib::formula::tests::single_variable
FN:5,dn_lib::formula::tests::simple_formula
FN:4,dn_lib::formula::tests::simple_formula::{closure#0}
FN:151,dn_lib::formula::tests::two_ops_left_is_more::{closure#0}
FN:113,dn_lib::formula::tests::simple_equiv
FN:58,dn_lib::formula::tests::simple_or::{closure#0}
FN:98,dn_lib::formula::tests::simple_rlimplies::{closure#0}
FN:72,dn_lib::formula::tests::simple_and
FN:85,dn_lib::formula::tests::simple_implies
FN:20,dn_lib::formula::tests::complex_formula
FN:126,dn_lib::formula::tests::simple_not::{closure#0}
FN:71,dn_lib::formula::tests::simple_and::{closure#0}
FN:169,dn_lib::formula::tests::parsing_priorities
FN:152,dn_lib::formula::tests::two_ops_left_is_more
FN:168,dn_lib::formula::tests::parsing_priorities::{closure#0}
FN:84,dn_lib::formula::tests::simple_implies::{closure#0}
FN:59,dn_lib::formula::tests::simple_or
FN:51,dn_lib::formula::tests::single_variable::{closure#0}
FN:127,dn_lib::formula::tests::simple_not
FNDA:1,dn_lib::formula::tests::simple_equiv::{closure#0}
FNDA:1,dn_lib::formula::tests::implies_right_associativity
FNDA:1,dn_lib::formula::tests::complex_formula::{closure#0}
FNDA:1,dn_lib::formula::tests::simple_rlimplies
FNDA:1,dn_lib::formula::tests::implies_right_associativity::{closure#0}
FNDA:1,dn_lib::formula::tests::single_variable
FNDA:1,dn_lib::formula::tests::simple_formula
FNDA:1,dn_lib::formula::tests::simple_formula::{closure#0}
FNDA:1,dn_lib::formula::tests::two_ops_left_is_more::{closure#0}
FNDA:1,dn_lib::formula::tests::simple_equiv
FNDA:1,dn_lib::formula::tests::simple_or::{closure#0}
FNDA:1,dn_lib::formula::tests::simple_rlimplies::{closure#0}
FNDA:1,dn_lib::formula::tests::simple_and
FNDA:1,dn_lib::formula::tests::simple_implies
FNDA:1,dn_lib::formula::tests::complex_formula
FNDA:1,dn_lib::formula::tests::simple_not::{closure#0}
FNDA:1,dn_lib::formula::tests::simple_and::{closure#0}
FNDA:1,dn_lib::formula::tests::parsing_priorities
FNDA:1,dn_lib::formula::tests::two_ops_left_is_more
FNDA:1,dn_lib::formula::tests::parsing_priorities::{closure#0}
FNDA:1,dn_lib::formula::tests::simple_implies::{closure#0}
FNDA:1,dn_lib::formula::tests::simple_or
FNDA:1,dn_lib::formula::tests::single_variable::{closure#0}
FNDA:1,dn_lib::formula::tests::simple_not
FNF:24
FNH:24
BRF:0
BRH:0
DA:4,1
DA:5,1
DA:6,1
DA:7,1
DA:8,1
DA:9,1
DA:10,1
DA:11,1
DA:12,1
DA:13,1
DA:14,1
DA:15,1
DA:16,1
DA:17,1
DA:18,1
DA:19,1
DA:20,1
DA:21,1
DA:22,1
DA:23,1
DA:24,1
DA:25,1
DA:26,1
DA:27,1
DA:28,1
DA:29,1
DA:30,1
DA:31,1
DA:32,1
DA:33,1
DA:34,1
DA:35,1
DA:36,1
DA:37,1
DA:38,1
DA:39,1
DA:40,1
DA:41,1
DA:42,1
DA:43,1
DA:44,1
DA:45,1
DA:46,1
DA:47,1
DA:48,1
DA:49,1
DA:51,1
DA:52,1
DA:53,1
DA:54,1
DA:55,1
DA:56,1
DA:58,1
DA:59,1
DA:60,1
DA:61,1
DA:62,1
DA:63,1
DA:64,1
DA:65,1
DA:66,1
DA:67,1
DA:68,1
DA:69,1
DA:71,1
DA:72,1
DA:73,1
DA:74,1
DA:75,1
DA:76,1
DA:77,1
DA:78,1
DA:79,1
DA:80,1
DA:81,1
DA:82,1
DA:84,1
DA:85,1
DA:86,1
DA:87,1
DA:88,1
DA:89,1
DA:90,1
DA:91,1
DA:92,1
DA:93,1
DA:94,1
DA:95,1
DA:96,1
DA:98,1
DA:99,1
DA:100,1
DA:101,1
DA:102,1
DA:103,1
DA:104,1
DA:105,1
DA:106,1
DA:107,1
DA:108,1
DA:109,1
DA:110,1
DA:112,1
DA:113,1
DA:114,1
DA:115,1
DA:116,1
DA:117,1
DA:118,1
DA:119,1
DA:120,1
DA:121,1
DA:122,1
DA:123,1
DA:124,1
DA:126,1
DA:127,1
DA:128,1
DA:129,1
DA:130,1
DA:131,1
DA:132,1
DA:134,1
DA:135,1
DA:136,1
DA:137,1
DA:138,1
DA:139,1
DA:140,1
DA:141,1
DA:142,1
DA:143,1
DA:144,1
DA:145,1
DA:146,1
DA:147,1
DA:148,1
DA:149,1
DA:151,1
DA:152,1
DA:153,1
DA:154,1
DA:155,1
DA:156,1
DA:157,1
DA:158,1
DA:159,1
DA:160,1
DA:161,1
DA:162,1
DA:163,1
DA:164,1
DA:165,1
DA:166,1
DA:168,1
DA:169,1
DA:170,1
DA:171,1
DA:172,1
DA:173,1
DA:174,1
DA:175,1
DA:176,1
DA:177,1
DA:178,1
DA:179,1
DA:180,1
DA:181,1
DA:182,1
DA:183,1
DA:184,1
DA:185,1
DA:186,1
DA:187,1
DA:188,1
DA:189,1
DA:190,1
DA:191,1
LF:178
LH:178
end_of_record
SF:dn-lib/src/lib.rs
FN:5,dn_lib::test
FN:1,dn_lib::main
FNDA:0,dn_lib::test
FNDA:1,dn_lib::main
FNF:2
FNH:1
BRF:0
BRH:0
DA:1,1
DA:5,0
DA:6,0
DA:7,0
LF:4
LH:1
end_of_record
SF:dn-lib/src/formula.rs
FN:67,<dn_lib::formula::Operators>::cmp
FN:522,<dn_lib::formula::Formula>::build_from_operator::{closure#2}
FN:531,<dn_lib::formula::Formula>::build_from_operator::{closure#4}
FN:28,<dn_lib::formula::Operators as core::fmt::Debug>::fmt
FN:97,<dn_lib::formula::TokenizationError as core::fmt::Debug>::fmt
FN:127,<dn_lib::formula::Formula>::tokenize
FN:224,<dn_lib::formula::Formula>::get_last_two_ops_from_stack
FN:505,<dn_lib::formula::Formula>::build_from_operator
FN:38,<dn_lib::formula::ParseStackItem as core::cmp::PartialEq>::eq
FN:540,<dn_lib::formula::Formula>::build_from_operator::{closure#6}
FN:243,<dn_lib::formula::Formula>::eat
FN:519,<dn_lib::formula::Formula>::build_from_operator::{closure#1}
FN:555,<dn_lib::formula::Formula>::build_from_operator::{closure#9}
FN:1,<dn_lib::formula::Formula as core::cmp::PartialEq>::eq
FN:112,<dn_lib::formula::Regime as core::cmp::PartialEq>::eq
FN:537,<dn_lib::formula::Formula>::build_from_operator::{closure#5}
FN:558,<dn_lib::formula::Formula>::build_from_operator::{closure#10}
FN:1,<dn_lib::formula::Formula as core::clone::Clone>::clone
FN:1,<dn_lib::formula::Formula as core::fmt::Debug>::fmt
FN:38,<dn_lib::formula::ParseStackItem as core::fmt::Debug>::fmt
FN:546,<dn_lib::formula::Formula>::build_from_operator::{closure#7}
FN:149,<dn_lib::formula::Formula>::read
FN:97,<dn_lib::formula::TokenizationError as core::cmp::PartialEq>::eq
FN:513,<dn_lib::formula::Formula>::build_from_operator::{closure#0}
FN:112,<dn_lib::formula::Regime as core::fmt::Debug>::fmt
FN:89,<dn_lib::formula::Operators>::is_unary
FN:166,<dn_lib::formula::Formula>::read_lexeme
FN:28,<dn_lib::formula::Operators as core::cmp::PartialEq>::eq
FN:28,<dn_lib::formula::Operators as core::clone::Clone>::clone
FN:549,<dn_lib::formula::Formula>::build_from_operator::{closure#8}
FN:44,<dn_lib::formula::ParseState as core::fmt::Debug>::fmt
FN:528,<dn_lib::formula::Formula>::build_from_operator::{closure#3}
FNDA:1,<dn_lib::formula::Operators>::cmp
FNDA:0,<dn_lib::formula::Formula>::build_from_operator::{closure#2}
FNDA:0,<dn_lib::formula::Formula>::build_from_operator::{closure#4}
FNDA:1,<dn_lib::formula::Operators as core::fmt::Debug>::fmt
FNDA:0,<dn_lib::formula::TokenizationError as core::fmt::Debug>::fmt
FNDA:1,<dn_lib::formula::Formula>::tokenize
FNDA:1,<dn_lib::formula::Formula>::get_last_two_ops_from_stack
FNDA:1,<dn_lib::formula::Formula>::build_from_operator
FNDA:1,<dn_lib::formula::ParseStackItem as core::cmp::PartialEq>::eq
FNDA:0,<dn_lib::formula::Formula>::build_from_operator::{closure#6}
FNDA:1,<dn_lib::formula::Formula>::eat
FNDA:0,<dn_lib::formula::Formula>::build_from_operator::{closure#1}
FNDA:0,<dn_lib::formula::Formula>::build_from_operator::{closure#9}
FNDA:1,<dn_lib::formula::Formula as core::cmp::PartialEq>::eq
FNDA:0,<dn_lib::formula::Regime as core::cmp::PartialEq>::eq
FNDA:0,<dn_lib::formula::Formula>::build_from_operator::{closure#5}
FNDA:0,<dn_lib::formula::Formula>::build_from_operator::{closure#10}
FNDA:0,<dn_lib::formula::Formula as core::clone::Clone>::clone
FNDA:1,<dn_lib::formula::Formula as core::fmt::Debug>::fmt
FNDA:1,<dn_lib::formula::ParseStackItem as core::fmt::Debug>::fmt
FNDA:0,<dn_lib::formula::Formula>::build_from_operator::{closure#7}
FNDA:1,<dn_lib::formula::Formula>::read
FNDA:0,<dn_lib::formula::TokenizationError as core::cmp::PartialEq>::eq
FNDA:0,<dn_lib::formula::Formula>::build_from_operator::{closure#0}
FNDA:1,<dn_lib::formula::Regime as core::fmt::Debug>::fmt
FNDA:1,<dn_lib::formula::Operators>::is_unary
FNDA:1,<dn_lib::formula::Formula>::read_lexeme
FNDA:1,<dn_lib::formula::Operators as core::cmp::PartialEq>::eq
FNDA:0,<dn_lib::formula::Operators as core::clone::Clone>::clone
FNDA:0,<dn_lib::formula::Formula>::build_from_operator::{closure#8}
FNDA:1,<dn_lib::formula::ParseState as core::fmt::Debug>::fmt
FNDA:0,<dn_lib::formula::Formula>::build_from_operator::{closure#3}
FNF:32
FNH:16
BRF:0
BRH:0
DA:1,897
DA:28,258
DA:38,310
DA:44,221
DA:67,22
DA:68,4
DA:69,0
DA:70,0
DA:71,1
DA:72,8
DA:73,2
DA:77,4
DA:78,0
DA:82,0
DA:83,0
DA:84,1
DA:85,2
DA:87,22
DA:89,35
DA:90,35
DA:91,5
DA:92,30
DA:94,35
DA:97,0
DA:112,220
DA:127,18
DA:128,18
DA:129,18
DA:130,97
DA:131,79
DA:132,0
DA:133,0
DA:134,40
DA:135,9
DA:136,6
DA:137,6
DA:138,5
DA:139,1
DA:140,4
DA:141,4
DA:142,4
DA:143,0
DA:146,18
DA:147,18
DA:149,18
DA:150,18
DA:151,18
DA:152,18
DA:153,18
DA:154,18
DA:155,18
DA:156,97
DA:157,79
DA:158,79
DA:159,79
DA:161,18
DA:162,18
DA:163,18
DA:164,18
DA:166,79
DA:167,79
DA:168,79
DA:169,79
DA:170,79
DA:171,79
DA:172,79
DA:173,79
DA:174,79
DA:176,4
DA:177,4
DA:179,40
DA:180,40
DA:181,40
DA:184,0
DA:185,0
DA:186,0
DA:189,0
DA:190,0
DA:192,4
DA:193,4
DA:194,4
DA:195,4
DA:197,6
DA:198,6
DA:201,6
DA:202,6
DA:205,9
DA:206,9
DA:209,5
DA:210,5
DA:213,1
DA:214,1
DA:217,4
DA:218,4
DA:221,79
DA:222,79
DA:224,124
DA:225,124
DA:226,32
DA:227,92
DA:228,46
DA:229,0
DA:230,46
DA:232,46
DA:233,8
DA:234,16
DA:235,22
DA:236,22
DA:241,124
DA:243,97
DA:244,97
DA:245,97
DA:246,97
DA:247,97
DA:248,97
DA:249,221
DA:250,221
DA:251,221
DA:252,221
DA:253,310
DA:254,310
DA:256,221
DA:257,364
DA:258,364
DA:260,221
DA:261,97
DA:262,92
DA:263,21
DA:264,4
DA:265,4
DA:266,4
DA:268,0
DA:270,17
DA:271,17
DA:272,17
DA:274,49
DA:276,0
DA:277,0
DA:278,0
DA:279,0
DA:282,22
DA:283,22
DA:284,22
DA:287,27
DA:289,5
DA:290,5
DA:291,22
DA:292,27
DA:295,22
DA:299,0
DA:301,9
DA:305,9
DA:306,9
DA:308,9
DA:311,0
DA:316,0
DA:317,0
DA:319,0
DA:320,0
DA:322,0
DA:323,0
DA:325,0
DA:326,0
DA:329,13
DA:330,9
DA:331,9
DA:332,9
DA:333,9
DA:335,4
DA:336,0
DA:337,0
DA:338,0
DA:339,4
DA:344,4
DA:345,4
DA:349,4
DA:350,4
DA:352,4
DA:354,4
DA:355,4
DA:361,4
DA:362,1
DA:364,0
DA:369,0
DA:373,1
DA:374,1
DA:377,3
DA:381,0
DA:385,3
DA:386,3
DA:387,3
DA:388,3
DA:391,0
DA:395,0
DA:400,0
DA:403,0
DA:406,0
DA:407,0
DA:408,0
DA:412,0
DA:416,0
DA:417,0
DA:419,0
DA:420,0
DA:421,0
DA:424,0
DA:425,0
DA:427,0
DA:429,0
DA:430,0
DA:431,0
DA:438,28
DA:439,18
DA:441,0
DA:444,0
DA:446,18
DA:447,18
DA:448,18
DA:450,10
DA:452,0
DA:455,0
DA:458,10
DA:459,10
DA:460,10
DA:463,0
DA:465,0
DA:468,0
DA:470,0
DA:472,0
DA:473,0
DA:474,0
DA:478,0
DA:482,0
DA:483,0
DA:485,0
DA:486,0
DA:488,0
DA:489,0
DA:491,0
DA:492,0
DA:493,0
DA:501,97
DA:502,97
DA:505,31
DA:506,31
DA:507,31
DA:508,31
DA:509,31
DA:510,9
DA:511,9
DA:512,9
DA:513,9
DA:514,9
DA:517,6
DA:518,6
DA:519,6
DA:520,6
DA:521,6
DA:522,6
DA:523,6
DA:526,6
DA:527,6
DA:528,6
DA:529,6
DA:530,6
DA:531,6
DA:532,6
DA:535,5
DA:536,5
DA:537,5
DA:538,5
DA:539,5
DA:540,5
DA:541,5
DA:544,1
DA:545,1
DA:546,1
DA:547,1
DA:548,1
DA:549,1
DA:550,1
DA:553,4
DA:554,4
DA:555,4
DA:556,4
DA:557,4
DA:558,4
DA:559,4
DA:562,31
DA:563,31
LF:290
LH:214
end_of_record
SF:dn-lib/src/record.rs
FN:139,dn_lib::record::tests::too_much_to_read_v2::{closure#0}
FN:74,<dn_lib::record::Record>::read_stmt::{closure#2}
FN:70,<dn_lib::record::Record>::read_stmt::{closure#1}
FN:62,<dn_lib::record::Record>::read_stmt
FN:56,<dn_lib::record::Record>::read_ctxt::{closure#0}
FN:4,<dn_lib::record::RecordError as core::fmt::Debug>::fmt
FN:98,<dn_lib::record::Statement>::get_formula
FN:49,<dn_lib::record::Record>::read_id
FN:118,dn_lib::record::tests::simple_supposons_stmt::{closure#0}
FN:126,dn_lib::record::tests::simple_donc_stmt
FN:65,<dn_lib::record::Record>::read_stmt::{closure#0}
FN:132,dn_lib::record::tests::too_much_to_read_v1::{closure#0}
FN:54,<dn_lib::record::Record>::read_ctxt
FN:57,<dn_lib::record::Record>::read_ctxt::{closure#1}::{closure#0}
FN:84,<dn_lib::record::Record>::read_justif::{closure#0}
FN:31,<dn_lib::record::Record>::read_record
FN:21,<dn_lib::record::Record as core::fmt::Debug>::fmt
FN:133,dn_lib::record::tests::too_much_to_read_v1
FN:112,dn_lib::record::tests::simple_simple_stmt
FN:119,dn_lib::record::tests::simple_supposons_stmt
FN:83,<dn_lib::record::Record>::read_justif
FN:57,<dn_lib::record::Record>::read_ctxt::{closure#1}
FN:50,<dn_lib::record::Record>::read_id::{closure#0}
FN:90,<dn_lib::record::Statement as core::fmt::Debug>::fmt
FN:140,dn_lib::record::tests::too_much_to_read_v2
FN:125,dn_lib::record::tests::simple_donc_stmt::{closure#0}
FN:111,dn_lib::record::tests::simple_simple_stmt::{closure#0}
FNDA:1,dn_lib::record::tests::too_much_to_read_v2::{closure#0}
FNDA:0,<dn_lib::record::Record>::read_stmt::{closure#2}
FNDA:0,<dn_lib::record::Record>::read_stmt::{closure#1}
FNDA:1,<dn_lib::record::Record>::read_stmt
FNDA:1,<dn_lib::record::Record>::read_ctxt::{closure#0}
FNDA:0,<dn_lib::record::RecordError as core::fmt::Debug>::fmt
FNDA:0,<dn_lib::record::Statement>::get_formula
FNDA:1,<dn_lib::record::Record>::read_id
FNDA:1,dn_lib::record::tests::simple_supposons_stmt::{closure#0}
FNDA:1,dn_lib::record::tests::simple_donc_stmt
FNDA:0,<dn_lib::record::Record>::read_stmt::{closure#0}
FNDA:1,dn_lib::record::tests::too_much_to_read_v1::{closure#0}
FNDA:1,<dn_lib::record::Record>::read_ctxt
FNDA:0,<dn_lib::record::Record>::read_ctxt::{closure#1}::{closure#0}
FNDA:1,<dn_lib::record::Record>::read_justif::{closure#0}
FNDA:1,<dn_lib::record::Record>::read_record
FNDA:0,<dn_lib::record::Record as core::fmt::Debug>::fmt
FNDA:1,dn_lib::record::tests::too_much_to_read_v1
FNDA:1,dn_lib::record::tests::simple_simple_stmt
FNDA:1,dn_lib::record::tests::simple_supposons_stmt
FNDA:1,<dn_lib::record::Record>::read_justif
FNDA:1,<dn_lib::record::Record>::read_ctxt::{closure#1}
FNDA:0,<dn_lib::record::Record>::read_id::{closure#0}
FNDA:0,<dn_lib::record::Statement as core::fmt::Debug>::fmt
FNDA:1,dn_lib::record::tests::too_much_to_read_v2
FNDA:1,dn_lib::record::tests::simple_donc_stmt::{closure#0}
FNDA:1,dn_lib::record::tests::simple_simple_stmt::{closure#0}
FNF:27
FNH:18
BRF:0
BRH:0
DA:4,0
DA:21,0
DA:31,5
DA:32,5
DA:33,5
DA:34,5
DA:35,5
DA:36,5
DA:37,4
DA:38,1
DA:39,3
DA:40,3
DA:41,3
DA:42,3
DA:43,3
DA:44,3
DA:46,5
DA:49,5
DA:50,5
DA:51,5
DA:54,5
DA:55,5
DA:56,15
DA:57,10
DA:58,5
DA:59,5
DA:62,5
DA:63,5
DA:64,3
DA:65,3
DA:66,3
DA:68,2
DA:69,1
DA:70,1
DA:71,1
DA:74,1
DA:75,1
DA:80,5
DA:83,5
DA:84,5
DA:85,5
DA:90,0
DA:98,0
DA:99,0
DA:100,0
DA:101,0
DA:102,0
DA:104,0
DA:111,1
DA:112,1
DA:113,1
DA:114,1
DA:115,1
DA:116,1
DA:118,1
DA:119,1
DA:120,1
DA:121,1
DA:122,1
DA:123,1
DA:125,1
DA:126,1
DA:127,1
DA:128,1
DA:129,1
DA:130,1
DA:132,1
DA:133,1
DA:134,1
DA:135,1
DA:136,1
DA:137,1
DA:139,1
DA:140,1
DA:141,1
DA:142,1
DA:143,1
DA:144,1
LF:78
LH:69
end_of_record
SF:dn-lib/src/justif.rs
FN:204,dn_lib::justif::tests::IOrL_alone
FN:203,dn_lib::justif::tests::IOrL_alone::{closure#0}
FN:158,<dn_lib::justif::Jusitification>::read::{closure#11}
FN:196,dn_lib::justif::tests::IOrL_legal::{closure#0}
FN:43,<dn_lib::justif::Jusitification as core::cmp::PartialEq>::eq
FN:86,<dn_lib::justif::Jusitification>::read::{closure#1}
FN:74,<dn_lib::justif::Jusitification>::read
FN:179,<dn_lib::justif::Jusitification>::read::{closure#14}
FN:132,<dn_lib::justif::Jusitification>::read::{closure#8}
FN:105,<dn_lib::justif::Jusitification>::read::{closure#4}
FN:212,dn_lib::justif::tests::IOrL_invalid_pos
FN:6,<dn_lib::justif::ReadError as core::cmp::PartialEq>::eq
FN:43,<dn_lib::justif::Jusitification as core::fmt::Debug>::fmt
FN:83,<dn_lib::justif::Jusitification>::read::{closure#0}
FN:197,dn_lib::justif::tests::IOrL_legal
FN:140,<dn_lib::justif::Jusitification>::read::{closure#9}
FN:97,<dn_lib::justif::Jusitification>::read::{closure#3}
FN:110,<dn_lib::justif::Jusitification>::read::{closure#5}
FN:171,<dn_lib::justif::Jusitification>::read::{closure#13}
FN:127,<dn_lib::justif::Jusitification>::read::{closure#7}
FN:115,<dn_lib::justif::Jusitification>::read::{closure#6}
FN:6,<dn_lib::justif::ReadError as core::fmt::Debug>::fmt
FN:94,<dn_lib::justif::Jusitification>::read::{closure#2}
FN:163,<dn_lib::justif::Jusitification>::read::{closure#12}
FN:148,<dn_lib::justif::Jusitification>::read::{closure#10}
FN:211,dn_lib::justif::tests::IOrL_invalid_pos::{closure#0}
FNDA:1,dn_lib::justif::tests::IOrL_alone
FNDA:1,dn_lib::justif::tests::IOrL_alone::{closure#0}
FNDA:0,<dn_lib::justif::Jusitification>::read::{closure#11}
FNDA:1,dn_lib::justif::tests::IOrL_legal::{closure#0}
FNDA:1,<dn_lib::justif::Jusitification as core::cmp::PartialEq>::eq
FNDA:0,<dn_lib::justif::Jusitification>::read::{closure#1}
FNDA:1,<dn_lib::justif::Jusitification>::read
FNDA:0,<dn_lib::justif::Jusitification>::read::{closure#14}
FNDA:0,<dn_lib::justif::Jusitification>::read::{closure#8}
FNDA:0,<dn_lib::justif::Jusitification>::read::{closure#4}
FNDA:1,dn_lib::justif::tests::IOrL_invalid_pos
FNDA:1,<dn_lib::justif::ReadError as core::cmp::PartialEq>::eq
FNDA:0,<dn_lib::justif::Jusitification as core::fmt::Debug>::fmt
FNDA:1,<dn_lib::justif::Jusitification>::read::{closure#0}
FNDA:1,dn_lib::justif::tests::IOrL_legal
FNDA:0,<dn_lib::justif::Jusitification>::read::{closure#9}
FNDA:0,<dn_lib::justif::Jusitification>::read::{closure#3}
FNDA:0,<dn_lib::justif::Jusitification>::read::{closure#5}
FNDA:0,<dn_lib::justif::Jusitification>::read::{closure#13}
FNDA:0,<dn_lib::justif::Jusitification>::read::{closure#7}
FNDA:0,<dn_lib::justif::Jusitification>::read::{closure#6}
FNDA:0,<dn_lib::justif::ReadError as core::fmt::Debug>::fmt
FNDA:0,<dn_lib::justif::Jusitification>::read::{closure#2}
FNDA:0,<dn_lib::justif::Jusitification>::read::{closure#12}
FNDA:0,<dn_lib::justif::Jusitification>::read::{closure#10}
FNDA:1,dn_lib::justif::tests::IOrL_invalid_pos::{closure#0}
FNF:26
FNH:10
BRF:0
BRH:0
DA:6,1
DA:43,1
DA:74,8
DA:75,8
DA:76,8
DA:77,8
DA:78,8
DA:79,3
DA:80,3
DA:81,3
DA:82,2
DA:83,2
DA:84,1
DA:85,1
DA:86,1
DA:87,1
DA:89,5
DA:90,0
DA:91,0
DA:92,0
DA:93,0
DA:94,0
DA:95,0
DA:96,0
DA:97,0
DA:98,0
DA:100,5
DA:101,0
DA:102,0
DA:103,0
DA:104,0
DA:105,0
DA:106,0
DA:107,0
DA:108,0
DA:109,0
DA:110,0
DA:111,0
DA:112,0
DA:113,0
DA:114,0
DA:115,0
DA:116,0
DA:117,0
DA:118,0
DA:119,0
DA:120,0
DA:122,5
DA:123,0
DA:124,0
DA:125,0
DA:126,0
DA:127,0
DA:128,0
DA:129,0
DA:130,0
DA:131,0
DA:132,0
DA:133,0
DA:135,5
DA:136,0
DA:137,0
DA:138,0
DA:139,0
DA:140,0
DA:141,0
DA:143,5
DA:144,0
DA:145,0
DA:146,0
DA:147,0
DA:148,0
DA:149,0
DA:151,5
DA:152,5
DA:153,5
DA:154,5
DA:155,5
DA:156,5
DA:157,5
DA:158,5
DA:159,5
DA:160,5
DA:161,5
DA:162,5
DA:163,5
DA:164,5
DA:166,0
DA:167,0
DA:168,0
DA:169,0
DA:170,0
DA:171,0
DA:172,0
DA:174,0
DA:175,0
DA:176,0
DA:177,0
DA:178,0
DA:179,0
DA:180,0
DA:182,0
DA:183,0
DA:184,6
DA:185,1
DA:186,5
DA:188,8
DA:196,1
DA:197,1
DA:198,1
DA:199,1
DA:200,1
DA:201,1
DA:203,1
DA:204,1
DA:205,1
DA:206,1
DA:207,1
DA:208,1
DA:211,1
DA:212,1
DA:213,1
DA:214,1
DA:215,1
DA:216,1
LF:125
LH:57
end_of_record
SF:dn-lib/src/proof.rs
FN:180,<dn_lib::proof::Proof>::read_proof
FN:214,<dn_lib::proof::Proof>::add_record
FN:579,dn_lib::proof::check_ctxt_compatibility
FN:223,<dn_lib::proof::Proof>::check_up_to
FN:254,<dn_lib::proof::Proof>::check_single_record
FN:200,<dn_lib::proof::Proof>::import_record
FNDA:0,<dn_lib::proof::Proof>::read_proof
FNDA:0,<dn_lib::proof::Proof>::add_record
FNDA:0,dn_lib::proof::check_ctxt_compatibility
FNDA:0,<dn_lib::proof::Proof>::check_up_to
FNDA:0,<dn_lib::proof::Proof>::check_single_record
FNDA:0,<dn_lib::proof::Proof>::import_record
FNF:6
FNH:0
BRF:0
BRH:0
DA:180,0
DA:181,0
DA:182,0
DA:183,0
DA:184,0
DA:185,0
DA:186,0
DA:187,0
DA:188,0
DA:189,0
DA:193,0
DA:194,0
DA:195,0
DA:196,0
DA:197,0
DA:200,0
DA:201,0
DA:202,0
DA:203,0
DA:204,0
DA:206,0
DA:207,0
DA:208,0
DA:209,0
DA:211,0
DA:214,0
DA:215,0
DA:216,0
DA:217,0
DA:218,0
DA:219,0
DA:223,0
DA:224,0
DA:225,0
DA:227,0
DA:228,0
DA:229,0
DA:230,0
DA:231,0
DA:232,0
DA:233,0
DA:234,0
DA:235,0
DA:236,0
DA:237,0
DA:238,0
DA:243,0
DA:244,0
DA:245,0
DA:246,0
DA:248,0
DA:250,0
DA:252,0
DA:254,0
DA:255,0
DA:256,0
DA:257,0
DA:260,0
DA:261,0
DA:262,0
DA:263,0
DA:264,0
DA:267,0
DA:268,0
DA:269,0
DA:270,0
DA:271,0
DA:272,0
DA:273,0
DA:274,0
DA:275,0
DA:277,0
DA:278,0
DA:279,0
DA:280,0
DA:281,0
DA:282,0
DA:284,0
DA:285,0
DA:286,0
DA:289,0
DA:290,0
DA:292,0
DA:293,0
DA:294,0
DA:295,0
DA:296,0
DA:297,0
DA:298,0
DA:299,0
DA:300,0
DA:301,0
DA:302,0
DA:303,0
DA:304,0
DA:305,0
DA:306,0
DA:307,0
DA:308,0
DA:309,0
DA:310,0
DA:311,0
DA:312,0
DA:313,0
DA:314,0
DA:315,0
DA:316,0
DA:317,0
DA:319,0
DA:322,0
DA:325,0
DA:328,0
DA:329,0
DA:330,0
DA:331,0
DA:332,0
DA:333,0
DA:334,0
DA:335,0
DA:336,0
DA:337,0
DA:338,0
DA:339,0
DA:340,0
DA:341,0
DA:342,0
DA:343,0
DA:344,0
DA:345,0
DA:346,0
DA:347,0
DA:348,0
DA:349,0
DA:350,0
DA:351,0
DA:352,0
DA:354,0
DA:357,0
DA:360,0
DA:361,0
DA:362,0
DA:363,0
DA:364,0
DA:365,0
DA:366,0
DA:367,0
DA:368,0
DA:369,0
DA:370,0
DA:371,0
DA:372,0
DA:373,0
DA:374,0
DA:375,0
DA:376,0
DA:378,0
DA:381,0
DA:385,0
DA:386,0
DA:387,0
DA:388,0
DA:389,0
DA:390,0
DA:391,0
DA:392,0
DA:393,0
DA:394,0
DA:395,0
DA:396,0
DA:397,0
DA:398,0
DA:399,0
DA:400,0
DA:401,0
DA:402,0
DA:403,0
DA:404,0
DA:405,0
DA:406,0
DA:407,0
DA:408,0
DA:409,0
DA:410,0
DA:411,0
DA:412,0
DA:415,0
DA:416,0
DA:417,0
DA:418,0
DA:419,0
DA:420,0
DA:421,0
DA:422,0
DA:423,0
DA:424,0
DA:425,0
DA:426,0
DA:427,0
DA:428,0
DA:429,0
DA:430,0
DA:432,0
DA:435,0
DA:438,0
DA:439,0
DA:440,0
DA:441,0
DA:442,0
DA:443,0
DA:444,0
DA:445,0
DA:446,0
DA:447,0
DA:448,0
DA:449,0
DA:450,0
DA:451,0
DA:452,0
DA:453,0
DA:454,0
DA:455,0
DA:456,0
DA:457,0
DA:458,0
DA:459,0
DA:460,0
DA:461,0
DA:462,0
DA:463,0
DA:465,0
DA:468,0
DA:471,0
DA:472,0
DA:473,0
DA:474,0
DA:475,0
DA:476,0
DA:477,0
DA:478,0
DA:479,0
DA:480,0
DA:481,0
DA:482,0
DA:484,0
DA:487,0
DA:490,0
DA:491,0
DA:492,0
DA:493,0
DA:494,0
DA:495,0
DA:496,0
DA:497,0
DA:498,0
DA:499,0
DA:500,0
DA:501,0
DA:503,0
DA:506,0
DA:509,0
DA:510,0
DA:511,0
DA:512,0
DA:513,0
DA:514,0
DA:515,0
DA:516,0
DA:517,0
DA:518,0
DA:519,0
DA:520,0
DA:521,0
DA:522,0
DA:523,0
DA:524,0
DA:525,0
DA:526,0
DA:527,0
DA:528,0
DA:529,0
DA:530,0
DA:532,0
DA:535,0
DA:538,0
DA:539,0
DA:540,0
DA:541,0
DA:542,0
DA:543,0
DA:544,0
DA:545,0
DA:546,0
DA:547,0
DA:548,0
DA:549,0
DA:551,0
DA:552,0
DA:553,0
DA:554,0
DA:555,0
DA:556,0
DA:557,0
DA:558,0
DA:559,0
DA:560,0
DA:561,0
DA:562,0
DA:564,0
DA:567,0
DA:570,0
DA:576,0
DA:579,0
DA:580,0
DA:581,0
DA:583,0
DA:585,0
LF:316
LH:0
end_of_record
